<?xml version="1.0" encoding="UTF-8"?>
<testsuite name="com.example.SpringBootLiquibaseApplicationTests" tests="1" skipped="0" failures="0" errors="0" timestamp="2016-02-18T05:54:02" hostname="ULTP_244" time="0.005">
  <properties/>
  <testcase name="contextLoads" classname="com.example.SpringBootLiquibaseApplicationTests" time="0.005"/>
  <system-out><![CDATA[11:23:48.712 [Test worker] DEBUG o.s.t.c.j.SpringJUnit4ClassRunner - SpringJUnit4ClassRunner constructor called with [class com.example.SpringBootLiquibaseApplicationTests]
11:23:48.721 [Test worker] DEBUG o.s.test.context.BootstrapUtils - Instantiating CacheAwareContextLoaderDelegate from class [org.springframework.test.context.cache.DefaultCacheAwareContextLoaderDelegate]
11:23:48.731 [Test worker] DEBUG o.s.test.context.BootstrapUtils - Instantiating BootstrapContext using constructor [public org.springframework.test.context.support.DefaultBootstrapContext(java.lang.Class,org.springframework.test.context.CacheAwareContextLoaderDelegate)]
11:23:48.754 [Test worker] DEBUG o.s.test.context.BootstrapUtils - Instantiating TestContextBootstrapper for test class [com.example.SpringBootLiquibaseApplicationTests] from class [org.springframework.test.context.web.WebTestContextBootstrapper]
11:23:48.796 [Test worker] DEBUG o.s.t.c.w.WebTestContextBootstrapper - Found explicit ContextLoader class [org.springframework.boot.test.SpringApplicationContextLoader] for context configuration attributes [ContextConfigurationAttributes@d5ecaa0 declaringClass = 'com.example.SpringBootLiquibaseApplicationTests', classes = '{class com.example.SpringBootLiquibaseApplication}', locations = '{}', inheritLocations = true, initializers = '{}', inheritInitializers = true, name = [null], contextLoaderClass = 'org.springframework.boot.test.SpringApplicationContextLoader']
11:23:48.811 [Test worker] DEBUG o.s.t.c.s.AbstractContextLoader - Did not detect default resource location for test class [com.example.SpringBootLiquibaseApplicationTests]: class path resource [com/example/SpringBootLiquibaseApplicationTests-context.xml] does not exist
11:23:48.812 [Test worker] DEBUG o.s.t.c.s.AbstractContextLoader - Did not detect default resource location for test class [com.example.SpringBootLiquibaseApplicationTests]: class path resource [com/example/SpringBootLiquibaseApplicationTestsContext.groovy] does not exist
11:23:48.813 [Test worker] INFO  o.s.t.c.s.AbstractContextLoader - Could not detect default resource locations for test class [com.example.SpringBootLiquibaseApplicationTests]: no resource found for suffixes {-context.xml, Context.groovy}.
11:23:48.816 [Test worker] DEBUG o.s.t.c.support.ActiveProfilesUtils - Could not find an 'annotation declaring class' for annotation type [org.springframework.test.context.ActiveProfiles] and class [com.example.SpringBootLiquibaseApplicationTests]
11:23:48.823 [Test worker] DEBUG o.s.t.c.w.WebTestContextBootstrapper - @TestExecutionListeners is not present for class [com.example.SpringBootLiquibaseApplicationTests]: using defaults.
11:23:48.838 [Test worker] INFO  o.s.t.c.w.WebTestContextBootstrapper - Loaded default TestExecutionListener class names from location [META-INF/spring.factories]: [org.springframework.test.context.web.ServletTestExecutionListener, org.springframework.test.context.support.DirtiesContextBeforeModesTestExecutionListener, org.springframework.test.context.support.DependencyInjectionTestExecutionListener, org.springframework.test.context.support.DirtiesContextTestExecutionListener, org.springframework.test.context.transaction.TransactionalTestExecutionListener, org.springframework.test.context.jdbc.SqlScriptsTestExecutionListener]
11:23:48.891 [Test worker] INFO  o.s.t.c.w.WebTestContextBootstrapper - Using TestExecutionListeners: [org.springframework.test.context.web.ServletTestExecutionListener@4ef3a743, org.springframework.test.context.support.DirtiesContextBeforeModesTestExecutionListener@6ca54384, org.springframework.test.context.support.DependencyInjectionTestExecutionListener@6db6e9df, org.springframework.test.context.support.DirtiesContextTestExecutionListener@38636f45, org.springframework.test.context.transaction.TransactionalTestExecutionListener@6bf90eb5, org.springframework.test.context.jdbc.SqlScriptsTestExecutionListener@2d86c92d]
11:23:48.898 [Test worker] DEBUG o.s.t.annotation.ProfileValueUtils - Retrieved @ProfileValueSourceConfiguration [null] for test class [com.example.SpringBootLiquibaseApplicationTests]
11:23:48.899 [Test worker] DEBUG o.s.t.annotation.ProfileValueUtils - Retrieved ProfileValueSource type [class org.springframework.test.annotation.SystemProfileValueSource] for class [com.example.SpringBootLiquibaseApplicationTests]
11:23:48.902 [Test worker] DEBUG o.s.t.annotation.ProfileValueUtils - Retrieved @ProfileValueSourceConfiguration [null] for test class [com.example.SpringBootLiquibaseApplicationTests]
11:23:48.904 [Test worker] DEBUG o.s.t.annotation.ProfileValueUtils - Retrieved ProfileValueSource type [class org.springframework.test.annotation.SystemProfileValueSource] for class [com.example.SpringBootLiquibaseApplicationTests]
11:23:48.909 [Test worker] DEBUG o.s.t.c.s.AbstractDirtiesContextTestExecutionListener - Before test class: context [DefaultTestContext@17e1bfe1 testClass = SpringBootLiquibaseApplicationTests, testInstance = [null], testMethod = [null], testException = [null], mergedContextConfiguration = [WebMergedContextConfiguration@7def640f testClass = SpringBootLiquibaseApplicationTests, locations = '{}', classes = '{class com.example.SpringBootLiquibaseApplication}', contextInitializerClasses = '[]', activeProfiles = '{}', propertySourceLocations = '{}', propertySourceProperties = '{}', resourceBasePath = 'src/main/webapp', contextLoader = 'org.springframework.boot.test.SpringApplicationContextLoader', parent = [null]]], class annotated with @DirtiesContext [false] with mode [null].
11:23:48.944 [Test worker] DEBUG o.s.t.annotation.ProfileValueUtils - Retrieved @ProfileValueSourceConfiguration [null] for test class [com.example.SpringBootLiquibaseApplicationTests]
11:23:48.944 [Test worker] DEBUG o.s.t.annotation.ProfileValueUtils - Retrieved ProfileValueSource type [class org.springframework.test.annotation.SystemProfileValueSource] for class [com.example.SpringBootLiquibaseApplicationTests]
11:23:49.179 [Test worker] DEBUG o.s.core.env.StandardEnvironment - Adding [systemProperties] PropertySource with lowest search precedence
11:23:49.184 [Test worker] DEBUG o.s.core.env.StandardEnvironment - Adding [systemEnvironment] PropertySource with lowest search precedence
11:23:49.184 [Test worker] DEBUG o.s.core.env.StandardEnvironment - Initialized StandardEnvironment with PropertySources [systemProperties,systemEnvironment]
11:23:49.187 [Test worker] DEBUG o.s.core.env.StandardEnvironment - Adding [integrationTest] PropertySource with search precedence immediately lower than [systemEnvironment]

  .   ____          _            __ _ _
 /\\ / ___'_ __ _ _(_)_ __  __ _ \ \ \ \
( ( )\___ | '_ | '_| | '_ \/ _` | \ \ \ \
 \\/  ___)| |_)| | | | | || (_| |  ) ) ) )
  '  |____| .__|_| |_|_| |_\__, | / / / /
 =========|_|==============|___/=/_/_/_/
 :: Spring Boot ::        (v1.3.2.RELEASE)

2016-02-18 11:23:50.449  INFO 8688 --- [    Test worker] c.e.SpringBootLiquibaseApplicationTests  : Starting SpringBootLiquibaseApplicationTests on ULTP_244 with PID 8688 (E:\github\SpringBoot\SpringBootSamples\SpringBootLiquibase\build\classes\test started by amitg in E:\github\SpringBoot\SpringBootSamples\SpringBootLiquibase)
2016-02-18 11:23:50.450  INFO 8688 --- [    Test worker] c.e.SpringBootLiquibaseApplicationTests  : No active profile set, falling back to default profiles: default
2016-02-18 11:23:50.868  INFO 8688 --- [    Test worker] o.s.w.c.s.GenericWebApplicationContext   : Refreshing org.springframework.web.context.support.GenericWebApplicationContext@b47ed07: startup date [Thu Feb 18 11:23:50 IST 2016]; root of context hierarchy
2016-02-18 11:23:53.113  INFO 8688 --- [    Test worker] o.s.b.f.s.DefaultListableBeanFactory     : Overriding bean definition for bean 'beanNameViewResolver' with a different definition: replacing [Root bean: class [null]; scope=; abstract=false; lazyInit=false; autowireMode=3; dependencyCheck=0; autowireCandidate=true; primary=false; factoryBeanName=org.springframework.boot.autoconfigure.web.ErrorMvcAutoConfiguration$WhitelabelErrorViewConfiguration; factoryMethodName=beanNameViewResolver; initMethodName=null; destroyMethodName=(inferred); defined in class path resource [org/springframework/boot/autoconfigure/web/ErrorMvcAutoConfiguration$WhitelabelErrorViewConfiguration.class]] with [Root bean: class [null]; scope=; abstract=false; lazyInit=false; autowireMode=3; dependencyCheck=0; autowireCandidate=true; primary=false; factoryBeanName=org.springframework.boot.autoconfigure.web.WebMvcAutoConfiguration$WebMvcAutoConfigurationAdapter; factoryMethodName=beanNameViewResolver; initMethodName=null; destroyMethodName=(inferred); defined in class path resource [org/springframework/boot/autoconfigure/web/WebMvcAutoConfiguration$WebMvcAutoConfigurationAdapter.class]]
2016-02-18 11:23:54.216  INFO 8688 --- [    Test worker] trationDelegate$BeanPostProcessorChecker : Bean 'org.springframework.transaction.annotation.ProxyTransactionManagementConfiguration' of type [class org.springframework.transaction.annotation.ProxyTransactionManagementConfiguration$$EnhancerBySpringCGLIB$$3b5c197a] is not eligible for getting processed by all BeanPostProcessors (for example: not eligible for auto-proxying)
2016-02-18 11:23:56.929  INFO 8688 --- [    Test worker] j.LocalContainerEntityManagerFactoryBean : Building JPA container EntityManagerFactory for persistence unit 'default'
2016-02-18 11:23:56.967  INFO 8688 --- [    Test worker] o.hibernate.jpa.internal.util.LogHelper  : HHH000204: Processing PersistenceUnitInfo [
	name: default
	...]
2016-02-18 11:23:57.164  INFO 8688 --- [    Test worker] org.hibernate.Version                    : HHH000412: Hibernate Core {4.3.11.Final}
2016-02-18 11:23:57.167  INFO 8688 --- [    Test worker] org.hibernate.cfg.Environment            : HHH000206: hibernate.properties not found
2016-02-18 11:23:57.170  INFO 8688 --- [    Test worker] org.hibernate.cfg.Environment            : HHH000021: Bytecode provider name : javassist
2016-02-18 11:23:57.565  INFO 8688 --- [    Test worker] o.hibernate.annotations.common.Version   : HCANN000001: Hibernate Commons Annotations {4.0.5.Final}
2016-02-18 11:23:57.727  INFO 8688 --- [    Test worker] org.hibernate.dialect.Dialect            : HHH000400: Using dialect: org.hibernate.dialect.MySQL5Dialect
2016-02-18 11:23:57.812  INFO 8688 --- [    Test worker] o.h.h.i.ast.ASTQueryTranslatorFactory    : HHH000397: Using ASTQueryTranslatorFactory
2016-02-18 11:24:00.975  INFO 8688 --- [    Test worker] s.w.s.m.m.a.RequestMappingHandlerAdapter : Looking for @ControllerAdvice: org.springframework.web.context.support.GenericWebApplicationContext@b47ed07: startup date [Thu Feb 18 11:23:50 IST 2016]; root of context hierarchy
2016-02-18 11:24:01.253  INFO 8688 --- [    Test worker] s.w.s.m.m.a.RequestMappingHandlerMapping : Mapped "{[/migrate]}" onto public void com.example.Snippet.migrate()
2016-02-18 11:24:01.258  INFO 8688 --- [    Test worker] s.w.s.m.m.a.RequestMappingHandlerMapping : Mapped "{[/error]}" onto public org.springframework.http.ResponseEntity<java.util.Map<java.lang.String, java.lang.Object>> org.springframework.boot.autoconfigure.web.BasicErrorController.error(javax.servlet.http.HttpServletRequest)
2016-02-18 11:24:01.258  INFO 8688 --- [    Test worker] s.w.s.m.m.a.RequestMappingHandlerMapping : Mapped "{[/error],produces=[text/html]}" onto public org.springframework.web.servlet.ModelAndView org.springframework.boot.autoconfigure.web.BasicErrorController.errorHtml(javax.servlet.http.HttpServletRequest,javax.servlet.http.HttpServletResponse)
2016-02-18 11:24:01.389  INFO 8688 --- [    Test worker] o.s.w.s.handler.SimpleUrlHandlerMapping  : Mapped URL path [/webjars/**] onto handler of type [class org.springframework.web.servlet.resource.ResourceHttpRequestHandler]
2016-02-18 11:24:01.390  INFO 8688 --- [    Test worker] o.s.w.s.handler.SimpleUrlHandlerMapping  : Mapped URL path [/**] onto handler of type [class org.springframework.web.servlet.resource.ResourceHttpRequestHandler]
2016-02-18 11:24:01.492  INFO 8688 --- [    Test worker] o.s.w.s.handler.SimpleUrlHandlerMapping  : Mapped URL path [/**/favicon.ico] onto handler of type [class org.springframework.web.servlet.resource.ResourceHttpRequestHandler]
2016-02-18 11:24:02.050  INFO 8688 --- [    Test worker] c.e.SpringBootLiquibaseApplicationTests  : Started SpringBootLiquibaseApplicationTests in 12.811 seconds (JVM running for 16.538)
]]></system-out>
  <system-err><![CDATA[]]></system-err>
</testsuite>
